EDA Netlist Writer report for Final_Project
Mon Apr 11 20:15:53 2016
Quartus II 64-Bit Version 13.0.1 Build 232 06/12/2013 Service Pack 1 SJ Full Version


---------------------
; Table of Contents ;
---------------------
  1. Legal Notice
  2. EDA Netlist Writer Summary
  3. Simulation Settings
  4. Simulation Generated Files
  5. EDA Netlist Writer Messages



----------------
; Legal Notice ;
----------------
Copyright (C) 1991-2013 Altera Corporation
Your use of Altera Corporation's design tools, logic functions 
and other software and tools, and its AMPP partner logic 
functions, and any output files from any of the foregoing 
(including device programming or simulation files), and any 
associated documentation or information are expressly subject 
to the terms and conditions of the Altera Program License 
Subscription Agreement, Altera MegaCore Function License 
Agreement, or other applicable license agreement, including, 
without limitation, that your use is for the sole purpose of 
programming logic devices manufactured by Altera and sold by 
Altera or its authorized distributors.  Please refer to the 
applicable agreement for further details.



+-------------------------------------------------------------------+
; EDA Netlist Writer Summary                                        ;
+---------------------------+---------------------------------------+
; EDA Netlist Writer Status ; Successful - Mon Apr 11 20:15:53 2016 ;
; Revision Name             ; Final_Project                         ;
; Top-level Entity Name     ; test                                  ;
; Family                    ; Cyclone IV E                          ;
; Simulation Files Creation ; Successful                            ;
+---------------------------+---------------------------------------+


+-------------------------------------------------------------------------------------------------------------------------------------+
; Simulation Settings                                                                                                                 ;
+---------------------------------------------------------------------------------------------------+---------------------------------+
; Option                                                                                            ; Setting                         ;
+---------------------------------------------------------------------------------------------------+---------------------------------+
; Tool Name                                                                                         ; ModelSim-Altera (SystemVerilog) ;
; Generate netlist for functional simulation only                                                   ; Off                             ;
; Time scale                                                                                        ; 1 ps                            ;
; Truncate long hierarchy paths                                                                     ; Off                             ;
; Map illegal HDL characters                                                                        ; Off                             ;
; Flatten buses into individual nodes                                                               ; Off                             ;
; Maintain hierarchy                                                                                ; Off                             ;
; Bring out device-wide set/reset signals as ports                                                  ; Off                             ;
; Enable glitch filtering                                                                           ; Off                             ;
; Do not write top level VHDL entity                                                                ; Off                             ;
; Disable detection of setup and hold time violations in the input registers of bi-directional pins ; Off                             ;
; Architecture name in VHDL output netlist                                                          ; structure                       ;
; Generate third-party EDA tool command script for RTL functional simulation                        ; Off                             ;
; Generate third-party EDA tool command script for gate-level simulation                            ; Off                             ;
+---------------------------------------------------------------------------------------------------+---------------------------------+


+----------------------------------------------------------------------------------------------------+
; Simulation Generated Files                                                                         ;
+----------------------------------------------------------------------------------------------------+
; Generated Files                                                                                    ;
+----------------------------------------------------------------------------------------------------+
; C:/Users/Justin/Documents/GitHub/ECE445/simulation/modelsim/Final_Project_7_1200mv_85c_slow.svo    ;
; C:/Users/Justin/Documents/GitHub/ECE445/simulation/modelsim/Final_Project_7_1200mv_0c_slow.svo     ;
; C:/Users/Justin/Documents/GitHub/ECE445/simulation/modelsim/Final_Project_min_1200mv_0c_fast.svo   ;
; C:/Users/Justin/Documents/GitHub/ECE445/simulation/modelsim/Final_Project.svo                      ;
; C:/Users/Justin/Documents/GitHub/ECE445/simulation/modelsim/Final_Project_7_1200mv_85c_v_slow.sdo  ;
; C:/Users/Justin/Documents/GitHub/ECE445/simulation/modelsim/Final_Project_7_1200mv_0c_v_slow.sdo   ;
; C:/Users/Justin/Documents/GitHub/ECE445/simulation/modelsim/Final_Project_min_1200mv_0c_v_fast.sdo ;
; C:/Users/Justin/Documents/GitHub/ECE445/simulation/modelsim/Final_Project_v.sdo                    ;
+----------------------------------------------------------------------------------------------------+


+-----------------------------+
; EDA Netlist Writer Messages ;
+-----------------------------+
Info: *******************************************************************
Info: Running Quartus II 64-Bit EDA Netlist Writer
    Info: Version 13.0.1 Build 232 06/12/2013 Service Pack 1 SJ Full Version
    Info: Processing started: Mon Apr 11 20:15:52 2016
Info: Command: quartus_eda --read_settings_files=off --write_settings_files=off Final_Project -c Final_Project
Info (204019): Generated file Final_Project_7_1200mv_85c_slow.svo in folder "C:/Users/Justin/Documents/GitHub/ECE445/simulation/modelsim/" for EDA simulation tool
Info (204019): Generated file Final_Project_7_1200mv_0c_slow.svo in folder "C:/Users/Justin/Documents/GitHub/ECE445/simulation/modelsim/" for EDA simulation tool
Info (204019): Generated file Final_Project_min_1200mv_0c_fast.svo in folder "C:/Users/Justin/Documents/GitHub/ECE445/simulation/modelsim/" for EDA simulation tool
Info (204019): Generated file Final_Project.svo in folder "C:/Users/Justin/Documents/GitHub/ECE445/simulation/modelsim/" for EDA simulation tool
Info (204019): Generated file Final_Project_7_1200mv_85c_v_slow.sdo in folder "C:/Users/Justin/Documents/GitHub/ECE445/simulation/modelsim/" for EDA simulation tool
Info (204019): Generated file Final_Project_7_1200mv_0c_v_slow.sdo in folder "C:/Users/Justin/Documents/GitHub/ECE445/simulation/modelsim/" for EDA simulation tool
Info (204019): Generated file Final_Project_min_1200mv_0c_v_fast.sdo in folder "C:/Users/Justin/Documents/GitHub/ECE445/simulation/modelsim/" for EDA simulation tool
Info (204019): Generated file Final_Project_v.sdo in folder "C:/Users/Justin/Documents/GitHub/ECE445/simulation/modelsim/" for EDA simulation tool
Info: Quartus II 64-Bit EDA Netlist Writer was successful. 0 errors, 0 warnings
    Info: Peak virtual memory: 416 megabytes
    Info: Processing ended: Mon Apr 11 20:15:53 2016
    Info: Elapsed time: 00:00:01
    Info: Total CPU time (on all processors): 00:00:01


